{
  "RSpec": {
    "coverage": {
      "/Users/felix/Documents/606/project3/CSCE606_Fall2025_Project3_Group6/app/helpers/application_helper.rb": {
        "lines": [
          1,
          null
        ],
        "branches": {}
      },
      "/Users/felix/Documents/606/project3/CSCE606_Fall2025_Project3_Group6/app/helpers/home_helper.rb": {
        "lines": [
          1,
          null
        ],
        "branches": {}
      },
      "/Users/felix/Documents/606/project3/CSCE606_Fall2025_Project3_Group6/app/helpers/watchlist_items_helper.rb": {
        "lines": [
          1,
          null
        ],
        "branches": {}
      },
      "/Users/felix/Documents/606/project3/CSCE606_Fall2025_Project3_Group6/app/controllers/movies_controller.rb": {
        "lines": [
          1,
          1,
          null,
          1,
          10,
          10,
          10,
          10,
          10,
          null,
          10,
          8,
          null,
          null,
          8,
          8,
          8,
          null,
          null,
          8,
          1,
          1,
          1,
          1,
          null,
          7,
          7,
          7,
          7,
          7,
          null,
          0,
          0,
          null,
          7,
          null,
          null,
          7,
          null,
          7,
          null,
          null,
          7,
          null,
          null,
          2,
          2,
          2,
          2,
          null,
          null,
          null,
          10,
          10,
          null,
          null,
          1,
          5,
          null,
          null,
          5,
          3,
          3,
          2,
          2,
          null,
          1,
          1,
          null,
          null,
          null,
          5,
          null,
          5,
          null,
          4,
          4,
          0,
          null,
          4,
          4,
          null,
          null,
          null,
          4,
          4,
          null,
          null,
          4,
          null,
          null,
          null,
          1,
          2,
          null,
          2,
          1,
          1,
          null,
          null,
          1,
          1,
          null,
          null,
          1,
          null,
          1,
          17,
          null,
          null,
          1,
          7,
          null,
          null,
          7,
          1,
          1,
          1,
          1,
          1,
          null,
          null,
          null,
          null,
          null,
          7,
          1,
          1,
          1,
          null,
          1,
          null,
          0,
          null,
          1,
          1,
          null,
          null,
          null,
          7,
          null,
          null,
          1,
          7,
          null,
          10,
          null,
          2,
          null,
          1,
          1,
          1,
          null,
          1,
          null,
          0,
          null,
          null,
          0,
          null,
          null,
          null,
          0,
          null,
          null,
          null,
          1,
          2,
          null,
          2,
          null,
          null,
          1,
          11,
          11,
          null,
          null,
          null,
          1,
          2,
          null,
          null,
          2,
          2,
          2,
          2,
          2,
          null,
          null,
          null,
          null,
          2,
          2,
          null,
          null,
          2,
          2,
          2,
          null,
          null,
          null,
          null,
          2,
          null,
          null,
          null,
          null,
          null,
          null,
          null,
          null,
          null,
          2,
          4,
          2,
          2,
          null,
          null,
          null,
          null,
          2,
          null,
          null,
          null,
          null,
          null,
          null,
          null,
          null,
          null
        ],
        "branches": {
          "[:\"&.\", 0, 5, 13, 5, 34]": {
            "[:then, 1, 5, 13, 5, 34]": 8,
            "[:else, 2, 5, 13, 5, 34]": 2
          },
          "[:\"&.\", 3, 6, 12, 6, 31]": {
            "[:then, 4, 6, 12, 6, 31]": 0,
            "[:else, 5, 6, 12, 6, 31]": 10
          },
          "[:\"&.\", 6, 7, 20, 7, 49]": {
            "[:then, 7, 7, 20, 7, 49]": 1,
            "[:else, 8, 7, 20, 7, 49]": 9
          },
          "[:\"&.\", 9, 8, 21, 8, 51]": {
            "[:then, 10, 8, 21, 8, 51]": 1,
            "[:else, 11, 8, 21, 8, 51]": 9
          },
          "[:if, 12, 11, 4, 50, 7]": {
            "[:then, 13, 12, 6, 44, 9]": 8,
            "[:else, 14, 46, 6, 49, 18]": 2
          },
          "[:if, 15, 16, 6, 18, 9]": {
            "[:then, 16, 17, 8, 17, 73]": 8,
            "[:else, 17, 16, 6, 18, 9]": 0
          },
          "[:if, 18, 20, 6, 44, 9]": {
            "[:then, 19, 21, 8, 24, 26]": 1,
            "[:else, 20, 26, 8, 43, 34]": 7
          },
          "[:if, 21, 27, 8, 34, 11]": {
            "[:then, 22, 28, 10, 30, 97]": 7,
            "[:else, 23, 32, 10, 33, 28]": 0
          },
          "[:if, 24, 61, 4, 70, 7]": {
            "[:then, 25, 62, 6, 69, 9]": 3,
            "[:else, 26, 61, 4, 70, 7]": 2
          },
          "[:if, 27, 63, 6, 69, 9]": {
            "[:then, 28, 64, 8, 65, 45]": 2,
            "[:else, 29, 67, 8, 68, 34]": 1
          },
          "[:if, 30, 74, 4, 90, 7]": {
            "[:then, 31, 76, 6, 89, 26]": 4,
            "[:else, 32, 74, 4, 90, 7]": 1
          },
          "[:if, 33, 77, 6, 82, 9]": {
            "[:then, 34, 78, 8, 78, 38]": 0,
            "[:else, 35, 80, 8, 81, 74]": 4
          },
          "[:if, 36, 81, 8, 81, 74]": {
            "[:then, 37, 81, 8, 81, 42]": 4,
            "[:else, 38, 81, 8, 81, 74]": 0
          },
          "[:if, 39, 85, 19, 85, 67]": {
            "[:then, 40, 85, 47, 85, 55]": 0,
            "[:else, 41, 85, 58, 85, 67]": 4
          },
          "[:\"&.\", 42, 94, 12, 94, 33]": {
            "[:then, 43, 94, 12, 94, 33]": 2,
            "[:else, 44, 94, 12, 94, 33]": 0
          },
          "[:if, 45, 96, 4, 99, 7]": {
            "[:then, 46, 97, 6, 98, 12]": 1,
            "[:else, 47, 96, 4, 99, 7]": 1
          },
          "[:if, 48, 115, 4, 123, 7]": {
            "[:then, 49, 116, 6, 122, 9]": 1,
            "[:else, 50, 115, 4, 123, 7]": 6
          },
          "[:if, 51, 117, 6, 122, 9]": {
            "[:then, 52, 118, 8, 121, 11]": 1,
            "[:else, 53, 117, 6, 122, 9]": 0
          },
          "[:if, 54, 126, 4, 138, 7]": {
            "[:then, 55, 127, 8, 137, 11]": 1,
            "[:else, 56, 126, 4, 138, 7]": 6
          },
          "[:unless, 57, 129, 10, 129, 40]": {
            "[:else, 58, 129, 10, 129, 40]": 1,
            "[:then, 59, 129, 10, 129, 20]": 0
          },
          "[:unless, 60, 135, 10, 135, 32]": {
            "[:else, 61, 135, 10, 135, 32]": 1,
            "[:then, 62, 135, 10, 135, 20]": 0
          },
          "[:case, 63, 144, 4, 164, 7]": {
            "[:when, 64, 146, 6, 146, 52]": 5,
            "[:when, 65, 148, 6, 148, 54]": 1,
            "[:when, 66, 150, 6, 161, 17]": 1,
            "[:else, 67, 163, 6, 163, 12]": 0
          },
          "[:if, 68, 152, 8, 160, 11]": {
            "[:then, 69, 153, 10, 157, 13]": 1,
            "[:else, 70, 159, 10, 159, 30]": 0
          },
          "[:unless, 71, 168, 4, 168, 36]": {
            "[:else, 72, 168, 4, 168, 36]": 2,
            "[:then, 73, 168, 4, 168, 15]": 0
          },
          "[:unless, 74, 180, 4, 180, 36]": {
            "[:else, 75, 180, 4, 180, 36]": 2,
            "[:then, 76, 180, 4, 180, 10]": 0
          },
          "[:if, 77, 183, 4, 189, 7]": {
            "[:then, 78, 184, 6, 188, 9]": 2,
            "[:else, 79, 183, 4, 189, 7]": 0
          },
          "[:if, 80, 192, 4, 228, 7]": {
            "[:then, 81, 193, 6, 227, 9]": 2,
            "[:else, 82, 192, 4, 228, 7]": 0
          },
          "[:if, 83, 196, 6, 210, 9]": {
            "[:then, 84, 197, 8, 209, 11]": 2,
            "[:else, 85, 196, 6, 210, 9]": 0
          },
          "[:if, 86, 213, 6, 227, 9]": {
            "[:then, 87, 214, 8, 226, 11]": 2,
            "[:else, 88, 213, 6, 227, 9]": 0
          }
        }
      },
      "/Users/felix/Documents/606/project3/CSCE606_Fall2025_Project3_Group6/app/controllers/application_controller.rb": {
        "lines": [
          1,
          null,
          1,
          1,
          1,
          null,
          1,
          null,
          null,
          null,
          1,
          0,
          null,
          null,
          1,
          0,
          null,
          null,
          1,
          0,
          0,
          null,
          null
        ],
        "branches": {}
      },
      "/Users/felix/Documents/606/project3/CSCE606_Fall2025_Project3_Group6/app/services/tmdb_service.rb": {
        "lines": [
          1,
          1,
          1,
          null,
          1,
          10,
          10,
          10,
          10,
          10,
          null,
          null,
          null,
          1,
          4,
          null,
          2,
          2,
          null,
          2,
          null,
          null,
          2,
          null,
          null,
          null,
          null,
          null,
          2,
          null,
          1,
          1,
          null,
          null,
          1,
          null,
          null,
          null,
          null,
          null,
          null,
          1,
          1,
          1,
          1,
          null,
          0,
          null,
          null,
          null,
          0,
          0,
          null,
          0,
          null,
          0,
          null,
          null,
          null,
          1,
          3,
          null,
          1,
          1,
          null,
          1,
          null,
          null,
          1,
          null,
          null,
          null,
          null,
          1,
          1,
          1,
          1,
          null,
          0,
          null,
          null,
          0,
          null,
          null,
          null,
          1,
          2,
          null,
          1,
          1,
          null,
          1,
          null,
          null,
          1,
          null,
          null,
          null,
          null,
          null,
          1,
          1,
          1,
          1,
          null,
          0,
          null,
          null,
          0,
          null,
          null,
          null,
          1,
          1,
          1,
          null,
          1,
          null,
          null,
          1,
          null,
          1,
          1,
          1,
          1,
          null,
          0,
          null,
          null,
          0,
          null,
          null,
          null,
          1,
          4,
          2,
          null,
          null,
          1,
          null,
          1,
          5,
          0,
          null,
          null,
          5,
          null,
          5,
          null,
          null,
          null,
          5,
          15,
          11,
          null,
          null,
          5,
          null,
          null
        ],
        "branches": {
          "[:if, 0, 15, 4, 15, 76]": {
            "[:then, 1, 15, 4, 15, 60]": 2,
            "[:else, 2, 15, 4, 15, 76]": 2
          },
          "[:if, 3, 20, 4, 20, 36]": {
            "[:then, 4, 20, 4, 20, 17]": 0,
            "[:else, 5, 20, 4, 20, 36]": 2
          },
          "[:if, 6, 52, 6, 52, 48]": {
            "[:then, 7, 52, 6, 52, 24]": 0,
            "[:else, 8, 52, 6, 52, 48]": 0
          },
          "[:if, 9, 29, 6, 40, 9]": {
            "[:then, 10, 31, 8, 39, 9]": 1,
            "[:else, 11, 29, 6, 40, 9]": 1
          },
          "[:if, 12, 32, 8, 32, 50]": {
            "[:then, 13, 32, 8, 32, 26]": 0,
            "[:else, 14, 32, 8, 32, 50]": 1
          },
          "[:if, 15, 42, 6, 48, 9]": {
            "[:then, 16, 43, 8, 45, 12]": 1,
            "[:else, 17, 47, 8, 47, 86]": 0
          },
          "[:if, 18, 61, 4, 61, 32]": {
            "[:then, 19, 61, 4, 61, 14]": 2,
            "[:else, 20, 61, 4, 61, 32]": 1
          },
          "[:if, 21, 66, 4, 66, 36]": {
            "[:then, 22, 66, 4, 66, 17]": 0,
            "[:else, 23, 66, 4, 66, 36]": 1
          },
          "[:if, 24, 74, 6, 80, 9]": {
            "[:then, 25, 75, 8, 77, 12]": 1,
            "[:else, 26, 79, 8, 79, 11]": 0
          },
          "[:if, 27, 87, 4, 87, 60]": {
            "[:then, 28, 87, 4, 87, 42]": 1,
            "[:else, 29, 87, 4, 87, 60]": 1
          },
          "[:if, 30, 92, 4, 92, 36]": {
            "[:then, 31, 92, 4, 92, 17]": 0,
            "[:else, 32, 92, 4, 92, 36]": 1
          },
          "[:if, 33, 101, 6, 107, 9]": {
            "[:then, 34, 102, 8, 104, 12]": 1,
            "[:else, 35, 106, 8, 106, 68]": 0
          },
          "[:if, 36, 117, 4, 117, 36]": {
            "[:then, 37, 117, 4, 117, 17]": 0,
            "[:else, 38, 117, 4, 117, 36]": 1
          },
          "[:if, 39, 122, 6, 128, 9]": {
            "[:then, 40, 123, 8, 125, 12]": 1,
            "[:else, 41, 127, 8, 127, 22]": 0
          },
          "[:if, 42, 135, 4, 135, 36]": {
            "[:then, 43, 135, 4, 135, 14]": 2,
            "[:else, 44, 135, 4, 135, 36]": 2
          },
          "[:if, 45, 142, 4, 144, 7]": {
            "[:then, 46, 143, 6, 143, 49]": 0,
            "[:else, 47, 142, 4, 144, 7]": 5
          }
        }
      },
      "/Users/felix/Documents/606/project3/CSCE606_Fall2025_Project3_Group6/app/services/stats_service.rb": {
        "lines": [
          1,
          1,
          21,
          null,
          null,
          1,
          7,
          null,
          6,
          null,
          null,
          null,
          null,
          null,
          null,
          1,
          1,
          null,
          null,
          null,
          null,
          null,
          null,
          null,
          null,
          1,
          4,
          null,
          4,
          null,
          null,
          null,
          null,
          null,
          1,
          5,
          null,
          5,
          null,
          null,
          null,
          null,
          1,
          5,
          5,
          null,
          5,
          10,
          10,
          10,
          10,
          null,
          null,
          null,
          5,
          5,
          null,
          null,
          5,
          1830,
          1830,
          null,
          null,
          5,
          null,
          null,
          1,
          null,
          1,
          null,
          null,
          6,
          6,
          null,
          null,
          1,
          6,
          null,
          6,
          10,
          10,
          null,
          null,
          null,
          11,
          null,
          null,
          1,
          4,
          null,
          4,
          8,
          12,
          null,
          null,
          null,
          12,
          8,
          null,
          null,
          null,
          1,
          4,
          null,
          null,
          4,
          null,
          null,
          4,
          8,
          null,
          null,
          8,
          4,
          null,
          null,
          null,
          1,
          4,
          null,
          null,
          4,
          null,
          null,
          4,
          4,
          null,
          null,
          8,
          4,
          null,
          null,
          null,
          1,
          5,
          null,
          5,
          9,
          9,
          9,
          null,
          null,
          14,
          9,
          null,
          null,
          null,
          1,
          5,
          null,
          5,
          9,
          9,
          null,
          9,
          9,
          9,
          null,
          null,
          14,
          9,
          9,
          null,
          null,
          null
        ],
        "branches": {
          "[:unless, 0, 138, 6, 138, 32]": {
            "[:else, 1, 138, 6, 138, 32]": 9,
            "[:then, 2, 138, 6, 138, 10]": 0
          },
          "[:unless, 3, 152, 6, 152, 46]": {
            "[:else, 4, 152, 6, 152, 46]": 9,
            "[:then, 5, 152, 6, 152, 10]": 0
          },
          "[:if, 6, 161, 19, 161, 85]": {
            "[:then, 7, 161, 38, 161, 81]": 9,
            "[:else, 8, 161, 84, 161, 85]": 0
          }
        }
      },
      "/Users/felix/Documents/606/project3/CSCE606_Fall2025_Project3_Group6/app/controllers/stats_controller.rb": {
        "lines": [
          1,
          1,
          null,
          1,
          6,
          6,
          6,
          6,
          6,
          null,
          null
        ],
        "branches": {}
      },
      "/Users/felix/Documents/606/project3/CSCE606_Fall2025_Project3_Group6/app/models/user.rb": {
        "lines": [
          1,
          1,
          null,
          null,
          null,
          null,
          null,
          null,
          1,
          1,
          null,
          null,
          1,
          1,
          1,
          1,
          null,
          null,
          1,
          1,
          null,
          null,
          1,
          1,
          null,
          null,
          1,
          null,
          null,
          null,
          null,
          1,
          null,
          1,
          null,
          null,
          null,
          null,
          null,
          null,
          null,
          null,
          null,
          null,
          null,
          1,
          0,
          null,
          null,
          1,
          0,
          null,
          null,
          1,
          null,
          1,
          45,
          null,
          45,
          null,
          45,
          0,
          null,
          null,
          null,
          null
        ],
        "branches": {
          "[:if, 0, 57, 4, 57, 29]": {
            "[:then, 1, 57, 4, 57, 10]": 0,
            "[:else, 2, 57, 4, 57, 29]": 45
          },
          "[:unless, 3, 61, 4, 64, 7]": {
            "[:else, 4, 61, 4, 64, 7]": 45,
            "[:then, 5, 62, 6, 63, 138]": 0
          }
        }
      },
      "/Users/felix/Documents/606/project3/CSCE606_Fall2025_Project3_Group6/app/models/application_record.rb": {
        "lines": [
          1,
          1,
          null
        ],
        "branches": {}
      },
      "/Users/felix/Documents/606/project3/CSCE606_Fall2025_Project3_Group6/app/models/movie.rb": {
        "lines": [
          1,
          1,
          1,
          1,
          1,
          1,
          1,
          1,
          null,
          1,
          null,
          1,
          1,
          null,
          1,
          0,
          null,
          null,
          1,
          13,
          null,
          13,
          13,
          null,
          null,
          null,
          null,
          null,
          null,
          null,
          null,
          13,
          13,
          null,
          null,
          1,
          0,
          null,
          null,
          1,
          0,
          0,
          null,
          null,
          1,
          0,
          0,
          null,
          null,
          1,
          2,
          null,
          null
        ],
        "branches": {
          "[:if, 0, 20, 4, 20, 34]": {
            "[:then, 1, 20, 4, 20, 14]": 0,
            "[:else, 2, 20, 4, 20, 34]": 13
          },
          "[:unless, 3, 41, 4, 41, 34]": {
            "[:else, 4, 41, 4, 41, 34]": 0,
            "[:then, 5, 41, 4, 41, 14]": 0
          },
          "[:unless, 6, 46, 4, 46, 34]": {
            "[:else, 7, 46, 4, 46, 34]": 0,
            "[:then, 8, 46, 4, 46, 14]": 0
          }
        }
      },
      "/Users/felix/Documents/606/project3/CSCE606_Fall2025_Project3_Group6/app/models/genre.rb": {
        "lines": [
          1,
          1,
          1,
          null,
          1,
          17,
          null,
          1,
          2,
          2,
          null,
          null,
          null
        ],
        "branches": {}
      },
      "/Users/felix/Documents/606/project3/CSCE606_Fall2025_Project3_Group6/app/models/review.rb": {
        "lines": [
          1,
          1,
          1,
          1,
          null,
          1,
          1,
          1,
          null,
          1,
          5,
          null,
          1,
          0,
          null,
          null,
          1,
          0,
          null,
          null
        ],
        "branches": {}
      },
      "/Users/felix/Documents/606/project3/CSCE606_Fall2025_Project3_Group6/app/models/movie_genre.rb": {
        "lines": [
          1,
          1,
          1,
          null
        ],
        "branches": {}
      },
      "/Users/felix/Documents/606/project3/CSCE606_Fall2025_Project3_Group6/app/models/movie_person.rb": {
        "lines": [
          1,
          1,
          1,
          null
        ],
        "branches": {}
      },
      "/Users/felix/Documents/606/project3/CSCE606_Fall2025_Project3_Group6/app/models/person.rb": {
        "lines": [
          1,
          1,
          1,
          null,
          1,
          1,
          null,
          1,
          4,
          4,
          4,
          null,
          null,
          null,
          1,
          0,
          null,
          null
        ],
        "branches": {}
      },
      "/Users/felix/Documents/606/project3/CSCE606_Fall2025_Project3_Group6/app/models/log.rb": {
        "lines": [
          1,
          1,
          1,
          null,
          1,
          1,
          null
        ],
        "branches": {}
      },
      "/Users/felix/Documents/606/project3/CSCE606_Fall2025_Project3_Group6/app/controllers/follows_controller.rb": {
        "lines": [
          0,
          0,
          0,
          null,
          0,
          0,
          0,
          0,
          null,
          0,
          0,
          0,
          0,
          null,
          0,
          null,
          0,
          0,
          0,
          0
        ],
        "branches": {}
      },
      "/Users/felix/Documents/606/project3/CSCE606_Fall2025_Project3_Group6/app/controllers/home_controller.rb": {
        "lines": [
          0,
          0,
          null,
          0,
          0,
          0,
          null,
          null,
          0,
          0,
          0,
          null,
          0,
          0,
          null,
          null,
          0,
          0,
          0
        ],
        "branches": {}
      },
      "/Users/felix/Documents/606/project3/CSCE606_Fall2025_Project3_Group6/app/controllers/list_items_controller.rb": {
        "lines": [
          0,
          0,
          null,
          0,
          0,
          0,
          null,
          0,
          null,
          0,
          0,
          0,
          0,
          0,
          0,
          null,
          0,
          0,
          0,
          0,
          0,
          0,
          0,
          0,
          0,
          0
        ],
        "branches": {}
      },
      "/Users/felix/Documents/606/project3/CSCE606_Fall2025_Project3_Group6/app/controllers/lists_controller.rb": {
        "lines": [
          0,
          0,
          0,
          0,
          null,
          0,
          0,
          0,
          null,
          0,
          0,
          0,
          0,
          0,
          null,
          0,
          0,
          0,
          null,
          0,
          0,
          0,
          0,
          0,
          0,
          0,
          0,
          null,
          0,
          0,
          null,
          0,
          0,
          0,
          0,
          0,
          0,
          0,
          null,
          0,
          0,
          0,
          0,
          null,
          0,
          null,
          0,
          0,
          0,
          null,
          0,
          0,
          0,
          0,
          0,
          null,
          0,
          0,
          0,
          0
        ],
        "branches": {}
      },
      "/Users/felix/Documents/606/project3/CSCE606_Fall2025_Project3_Group6/app/controllers/reviews_controller.rb": {
        "lines": [
          0,
          0,
          0,
          0,
          0,
          null,
          0,
          0,
          0,
          null,
          0,
          0,
          0,
          null,
          0,
          0,
          0,
          0,
          0,
          0,
          null,
          0,
          0,
          null,
          0,
          0,
          0,
          0,
          0,
          0,
          0,
          null,
          0,
          0,
          0,
          0,
          null,
          0,
          0,
          0,
          null,
          0,
          0,
          0,
          0,
          0,
          0,
          0,
          0,
          0,
          null,
          0,
          0,
          null,
          0,
          0,
          0,
          0,
          0,
          0,
          0,
          0,
          null,
          0,
          null,
          0,
          0,
          0,
          null,
          0,
          0,
          0,
          null,
          0,
          0,
          0,
          0,
          0,
          null,
          0,
          0,
          0,
          0
        ],
        "branches": {}
      },
      "/Users/felix/Documents/606/project3/CSCE606_Fall2025_Project3_Group6/app/controllers/users/registrations_controller.rb": {
        "lines": [
          0,
          0,
          null,
          0,
          null,
          null,
          0,
          0,
          0,
          null,
          0,
          0,
          0,
          null,
          0,
          null,
          0,
          0,
          0,
          0,
          0
        ],
        "branches": {}
      },
      "/Users/felix/Documents/606/project3/CSCE606_Fall2025_Project3_Group6/app/controllers/users_controller.rb": {
        "lines": [
          0,
          0,
          null,
          0,
          0,
          0,
          0,
          0,
          0,
          0,
          0,
          0,
          null,
          0,
          0,
          0,
          0,
          null,
          0,
          0,
          null,
          0,
          0,
          0,
          0,
          0,
          0,
          null,
          0,
          0,
          null,
          null,
          0,
          0,
          0,
          0,
          null,
          0,
          0,
          null,
          0,
          0,
          0,
          0,
          0,
          null,
          0,
          0,
          null,
          0,
          0,
          0,
          null,
          0,
          0,
          0,
          0,
          0,
          0,
          0,
          0,
          null,
          0,
          null,
          0,
          0,
          0,
          0
        ],
        "branches": {}
      },
      "/Users/felix/Documents/606/project3/CSCE606_Fall2025_Project3_Group6/app/controllers/watch_histories_controller.rb": {
        "lines": [
          0,
          0,
          null,
          0,
          0,
          null,
          null,
          0,
          null,
          null,
          0,
          0,
          null,
          0,
          0,
          null,
          null,
          0,
          0,
          0,
          0,
          0,
          null,
          0,
          0,
          null,
          0,
          0,
          0,
          0,
          0,
          null,
          0,
          0,
          null,
          null,
          0,
          0,
          0,
          0,
          0,
          0,
          0,
          0,
          0,
          0,
          null,
          0,
          0,
          null,
          0,
          0,
          null,
          0,
          null,
          0,
          null,
          0,
          null,
          null,
          0,
          0,
          0,
          0,
          null,
          0,
          0,
          0,
          null,
          0,
          null,
          0,
          null,
          0,
          null,
          0,
          0,
          0,
          0,
          0,
          0,
          null,
          0,
          0,
          0,
          0,
          0,
          0,
          0,
          0,
          0,
          0,
          0
        ],
        "branches": {}
      },
      "/Users/felix/Documents/606/project3/CSCE606_Fall2025_Project3_Group6/app/controllers/watchlist_items_controller.rb": {
        "lines": [
          0,
          0,
          null,
          0,
          0,
          null,
          null,
          0,
          null,
          0,
          0,
          0,
          null,
          0,
          0,
          0,
          0,
          0,
          0,
          0,
          0,
          null,
          0,
          0,
          0,
          0,
          0,
          null,
          0,
          0,
          0,
          0,
          0,
          0,
          0,
          0,
          0,
          null,
          null,
          0,
          0,
          0,
          0,
          0,
          0,
          null,
          0,
          0,
          0,
          0,
          0,
          0,
          0,
          0,
          null,
          0,
          null,
          0,
          0,
          null,
          null,
          0,
          0,
          null,
          null,
          0,
          0,
          null,
          null,
          0,
          0,
          null,
          0,
          0,
          0
        ],
        "branches": {}
      },
      "/Users/felix/Documents/606/project3/CSCE606_Fall2025_Project3_Group6/app/controllers/watchlists_controller.rb": {
        "lines": [
          0,
          0,
          null,
          0,
          0,
          0,
          0,
          0
        ],
        "branches": {}
      },
      "/Users/felix/Documents/606/project3/CSCE606_Fall2025_Project3_Group6/app/jobs/application_job.rb": {
        "lines": [
          0,
          null,
          null,
          null,
          null,
          null,
          0
        ],
        "branches": {}
      },
      "/Users/felix/Documents/606/project3/CSCE606_Fall2025_Project3_Group6/app/mailers/application_mailer.rb": {
        "lines": [
          0,
          0,
          0,
          null,
          null,
          0,
          null,
          null,
          0,
          0
        ],
        "branches": {}
      },
      "/Users/felix/Documents/606/project3/CSCE606_Fall2025_Project3_Group6/app/mailers/devise_mailer.rb": {
        "lines": [
          0,
          0
        ],
        "branches": {}
      },
      "/Users/felix/Documents/606/project3/CSCE606_Fall2025_Project3_Group6/app/models/achievement.rb": {
        "lines": [
          0,
          0
        ],
        "branches": {}
      },
      "/Users/felix/Documents/606/project3/CSCE606_Fall2025_Project3_Group6/app/models/email_preference.rb": {
        "lines": [
          0,
          0,
          0
        ],
        "branches": {}
      },
      "/Users/felix/Documents/606/project3/CSCE606_Fall2025_Project3_Group6/app/models/follow.rb": {
        "lines": [
          0,
          0,
          0,
          null,
          0,
          0
        ],
        "branches": {}
      },
      "/Users/felix/Documents/606/project3/CSCE606_Fall2025_Project3_Group6/app/models/list.rb": {
        "lines": [
          0,
          0,
          0,
          0,
          null,
          0,
          0,
          0
        ],
        "branches": {}
      },
      "/Users/felix/Documents/606/project3/CSCE606_Fall2025_Project3_Group6/app/models/list_item.rb": {
        "lines": [
          0,
          0,
          0,
          null,
          0,
          0
        ],
        "branches": {}
      },
      "/Users/felix/Documents/606/project3/CSCE606_Fall2025_Project3_Group6/app/models/log_tag.rb": {
        "lines": [
          0,
          0,
          0,
          0
        ],
        "branches": {}
      },
      "/Users/felix/Documents/606/project3/CSCE606_Fall2025_Project3_Group6/app/models/notification.rb": {
        "lines": [
          0,
          0,
          0
        ],
        "branches": {}
      },
      "/Users/felix/Documents/606/project3/CSCE606_Fall2025_Project3_Group6/app/models/tag.rb": {
        "lines": [
          0,
          0
        ],
        "branches": {}
      },
      "/Users/felix/Documents/606/project3/CSCE606_Fall2025_Project3_Group6/app/models/user_achievement.rb": {
        "lines": [
          0,
          0,
          0,
          0
        ],
        "branches": {}
      },
      "/Users/felix/Documents/606/project3/CSCE606_Fall2025_Project3_Group6/app/models/user_stat.rb": {
        "lines": [
          0,
          0,
          0
        ],
        "branches": {}
      },
      "/Users/felix/Documents/606/project3/CSCE606_Fall2025_Project3_Group6/app/models/vote.rb": {
        "lines": [
          0,
          0,
          0,
          null,
          0,
          0,
          null,
          0,
          null,
          0,
          null,
          0,
          0,
          0,
          0
        ],
        "branches": {}
      },
      "/Users/felix/Documents/606/project3/CSCE606_Fall2025_Project3_Group6/app/models/watch_history.rb": {
        "lines": [
          0,
          0,
          0,
          null,
          0,
          0
        ],
        "branches": {}
      },
      "/Users/felix/Documents/606/project3/CSCE606_Fall2025_Project3_Group6/app/models/watch_log.rb": {
        "lines": [
          0,
          0,
          0,
          null,
          0,
          0,
          null,
          0,
          null,
          0,
          0,
          0,
          0,
          0,
          0,
          null,
          0,
          null,
          0,
          0,
          0,
          0,
          0,
          0
        ],
        "branches": {}
      },
      "/Users/felix/Documents/606/project3/CSCE606_Fall2025_Project3_Group6/app/models/watchlist.rb": {
        "lines": [
          0,
          0,
          0,
          0,
          0
        ],
        "branches": {}
      },
      "/Users/felix/Documents/606/project3/CSCE606_Fall2025_Project3_Group6/app/models/watchlist_item.rb": {
        "lines": [
          0,
          0,
          0,
          0
        ],
        "branches": {}
      }
    },
    "timestamp": 1764694238
  },
  "Cucumber Features": {
    "coverage": {
      "/Users/felix/Documents/606/project3/CSCE606_Fall2025_Project3_Group6/app/models/user.rb": {
        "lines": [
          1,
          1,
          null,
          null,
          null,
          null,
          null,
          null,
          1,
          1,
          null,
          null,
          1,
          1,
          1,
          1,
          null,
          null,
          1,
          1,
          null,
          null,
          1,
          1,
          null,
          null,
          1,
          null,
          null,
          null,
          null,
          1,
          null,
          1,
          null,
          null,
          null,
          null,
          null,
          null,
          null,
          null,
          null,
          null,
          null,
          1,
          0,
          null,
          null,
          1,
          0,
          null,
          null,
          1,
          null,
          1,
          1,
          null,
          1,
          null,
          1,
          0,
          null,
          null,
          null,
          null
        ],
        "branches": {
          "[:if, 0, 57, 4, 57, 29]": {
            "[:then, 1, 57, 4, 57, 10]": 0,
            "[:else, 2, 57, 4, 57, 29]": 1
          },
          "[:unless, 3, 61, 4, 64, 7]": {
            "[:else, 4, 61, 4, 64, 7]": 1,
            "[:then, 5, 62, 6, 63, 138]": 0
          }
        }
      },
      "/Users/felix/Documents/606/project3/CSCE606_Fall2025_Project3_Group6/app/models/application_record.rb": {
        "lines": [
          1,
          1,
          null
        ],
        "branches": {}
      },
      "/Users/felix/Documents/606/project3/CSCE606_Fall2025_Project3_Group6/app/controllers/application_controller.rb": {
        "lines": [
          1,
          null,
          1,
          1,
          1,
          null,
          1,
          null,
          null,
          null,
          1,
          1,
          null,
          null,
          1,
          0,
          null,
          null,
          1,
          2,
          2,
          null,
          null
        ],
        "branches": {}
      },
      "/Users/felix/Documents/606/project3/CSCE606_Fall2025_Project3_Group6/app/helpers/application_helper.rb": {
        "lines": [
          1,
          null
        ],
        "branches": {}
      },
      "/Users/felix/Documents/606/project3/CSCE606_Fall2025_Project3_Group6/app/helpers/home_helper.rb": {
        "lines": [
          1,
          null
        ],
        "branches": {}
      },
      "/Users/felix/Documents/606/project3/CSCE606_Fall2025_Project3_Group6/app/helpers/watchlist_items_helper.rb": {
        "lines": [
          1,
          null
        ],
        "branches": {}
      },
      "/Users/felix/Documents/606/project3/CSCE606_Fall2025_Project3_Group6/app/controllers/movies_controller.rb": {
        "lines": [
          1,
          1,
          null,
          1,
          1,
          1,
          1,
          1,
          1,
          null,
          1,
          0,
          null,
          null,
          0,
          0,
          0,
          null,
          null,
          0,
          0,
          0,
          0,
          0,
          null,
          0,
          0,
          0,
          0,
          0,
          null,
          0,
          0,
          null,
          0,
          null,
          null,
          0,
          null,
          0,
          null,
          null,
          0,
          null,
          null,
          1,
          1,
          1,
          1,
          null,
          null,
          null,
          1,
          1,
          null,
          null,
          1,
          0,
          null,
          null,
          0,
          0,
          0,
          0,
          0,
          null,
          0,
          0,
          null,
          null,
          null,
          0,
          null,
          0,
          null,
          0,
          0,
          0,
          null,
          0,
          0,
          null,
          null,
          null,
          0,
          0,
          null,
          null,
          0,
          null,
          null,
          null,
          1,
          0,
          null,
          0,
          0,
          0,
          null,
          null,
          0,
          0,
          null,
          null,
          1,
          null,
          1,
          1,
          null,
          null,
          1,
          0,
          null,
          null,
          0,
          0,
          0,
          0,
          0,
          0,
          null,
          null,
          null,
          null,
          null,
          0,
          0,
          0,
          0,
          null,
          0,
          null,
          0,
          null,
          0,
          0,
          null,
          null,
          null,
          0,
          null,
          null,
          1,
          0,
          null,
          0,
          null,
          0,
          null,
          0,
          0,
          0,
          null,
          0,
          null,
          0,
          null,
          null,
          0,
          null,
          null,
          null,
          0,
          null,
          null,
          null,
          1,
          0,
          null,
          0,
          null,
          null,
          1,
          0,
          0,
          null,
          null,
          null,
          1,
          0,
          null,
          null,
          0,
          0,
          0,
          0,
          0,
          null,
          null,
          null,
          null,
          0,
          0,
          null,
          null,
          0,
          0,
          0,
          null,
          null,
          null,
          null,
          0,
          null,
          null,
          null,
          null,
          null,
          null,
          null,
          null,
          null,
          0,
          0,
          0,
          0,
          null,
          null,
          null,
          null,
          0,
          null,
          null,
          null,
          null,
          null,
          null,
          null,
          null,
          null
        ],
        "branches": {
          "[:\"&.\", 0, 5, 13, 5, 34]": {
            "[:then, 1, 5, 13, 5, 34]": 0,
            "[:else, 2, 5, 13, 5, 34]": 1
          },
          "[:\"&.\", 3, 6, 12, 6, 31]": {
            "[:then, 4, 6, 12, 6, 31]": 0,
            "[:else, 5, 6, 12, 6, 31]": 1
          },
          "[:\"&.\", 6, 7, 20, 7, 49]": {
            "[:then, 7, 7, 20, 7, 49]": 0,
            "[:else, 8, 7, 20, 7, 49]": 1
          },
          "[:\"&.\", 9, 8, 21, 8, 51]": {
            "[:then, 10, 8, 21, 8, 51]": 0,
            "[:else, 11, 8, 21, 8, 51]": 1
          },
          "[:if, 12, 11, 4, 50, 7]": {
            "[:then, 13, 12, 6, 44, 9]": 0,
            "[:else, 14, 46, 6, 49, 18]": 1
          },
          "[:if, 15, 16, 6, 18, 9]": {
            "[:then, 16, 17, 8, 17, 73]": 0,
            "[:else, 17, 16, 6, 18, 9]": 0
          },
          "[:if, 18, 20, 6, 44, 9]": {
            "[:then, 19, 21, 8, 24, 26]": 0,
            "[:else, 20, 26, 8, 43, 34]": 0
          },
          "[:if, 21, 27, 8, 34, 11]": {
            "[:then, 22, 28, 10, 30, 97]": 0,
            "[:else, 23, 32, 10, 33, 28]": 0
          },
          "[:if, 24, 61, 4, 70, 7]": {
            "[:then, 25, 62, 6, 69, 9]": 0,
            "[:else, 26, 61, 4, 70, 7]": 0
          },
          "[:if, 27, 63, 6, 69, 9]": {
            "[:then, 28, 64, 8, 65, 45]": 0,
            "[:else, 29, 67, 8, 68, 34]": 0
          },
          "[:if, 30, 74, 4, 90, 7]": {
            "[:then, 31, 76, 6, 89, 26]": 0,
            "[:else, 32, 74, 4, 90, 7]": 0
          },
          "[:if, 33, 77, 6, 82, 9]": {
            "[:then, 34, 78, 8, 78, 38]": 0,
            "[:else, 35, 80, 8, 81, 74]": 0
          },
          "[:if, 36, 81, 8, 81, 74]": {
            "[:then, 37, 81, 8, 81, 42]": 0,
            "[:else, 38, 81, 8, 81, 74]": 0
          },
          "[:if, 39, 85, 19, 85, 67]": {
            "[:then, 40, 85, 47, 85, 55]": 0,
            "[:else, 41, 85, 58, 85, 67]": 0
          },
          "[:\"&.\", 42, 94, 12, 94, 33]": {
            "[:then, 43, 94, 12, 94, 33]": 0,
            "[:else, 44, 94, 12, 94, 33]": 0
          },
          "[:if, 45, 96, 4, 99, 7]": {
            "[:then, 46, 97, 6, 98, 12]": 0,
            "[:else, 47, 96, 4, 99, 7]": 0
          },
          "[:if, 48, 115, 4, 123, 7]": {
            "[:then, 49, 116, 6, 122, 9]": 0,
            "[:else, 50, 115, 4, 123, 7]": 0
          },
          "[:if, 51, 117, 6, 122, 9]": {
            "[:then, 52, 118, 8, 121, 11]": 0,
            "[:else, 53, 117, 6, 122, 9]": 0
          },
          "[:if, 54, 126, 4, 138, 7]": {
            "[:then, 55, 127, 8, 137, 11]": 0,
            "[:else, 56, 126, 4, 138, 7]": 0
          },
          "[:unless, 57, 129, 10, 129, 40]": {
            "[:else, 58, 129, 10, 129, 40]": 0,
            "[:then, 59, 129, 10, 129, 20]": 0
          },
          "[:unless, 60, 135, 10, 135, 32]": {
            "[:else, 61, 135, 10, 135, 32]": 0,
            "[:then, 62, 135, 10, 135, 20]": 0
          },
          "[:case, 63, 144, 4, 164, 7]": {
            "[:when, 64, 146, 6, 146, 52]": 0,
            "[:when, 65, 148, 6, 148, 54]": 0,
            "[:when, 66, 150, 6, 161, 17]": 0,
            "[:else, 67, 163, 6, 163, 12]": 0
          },
          "[:if, 68, 152, 8, 160, 11]": {
            "[:then, 69, 153, 10, 157, 13]": 0,
            "[:else, 70, 159, 10, 159, 30]": 0
          },
          "[:unless, 71, 168, 4, 168, 36]": {
            "[:else, 72, 168, 4, 168, 36]": 0,
            "[:then, 73, 168, 4, 168, 15]": 0
          },
          "[:unless, 74, 180, 4, 180, 36]": {
            "[:else, 75, 180, 4, 180, 36]": 0,
            "[:then, 76, 180, 4, 180, 10]": 0
          },
          "[:if, 77, 183, 4, 189, 7]": {
            "[:then, 78, 184, 6, 188, 9]": 0,
            "[:else, 79, 183, 4, 189, 7]": 0
          },
          "[:if, 80, 192, 4, 228, 7]": {
            "[:then, 81, 193, 6, 227, 9]": 0,
            "[:else, 82, 192, 4, 228, 7]": 0
          },
          "[:if, 83, 196, 6, 210, 9]": {
            "[:then, 84, 197, 8, 209, 11]": 0,
            "[:else, 85, 196, 6, 210, 9]": 0
          },
          "[:if, 86, 213, 6, 227, 9]": {
            "[:then, 87, 214, 8, 226, 11]": 0,
            "[:else, 88, 213, 6, 227, 9]": 0
          }
        }
      },
      "/Users/felix/Documents/606/project3/CSCE606_Fall2025_Project3_Group6/app/services/tmdb_service.rb": {
        "lines": [
          1,
          1,
          1,
          null,
          1,
          1,
          1,
          1,
          1,
          1,
          null,
          null,
          null,
          1,
          0,
          null,
          0,
          0,
          null,
          0,
          null,
          null,
          0,
          null,
          null,
          null,
          null,
          null,
          0,
          null,
          0,
          0,
          null,
          null,
          0,
          null,
          null,
          null,
          null,
          null,
          null,
          0,
          0,
          0,
          0,
          null,
          0,
          null,
          null,
          null,
          0,
          0,
          null,
          0,
          null,
          0,
          null,
          null,
          null,
          1,
          0,
          null,
          0,
          0,
          null,
          0,
          null,
          null,
          0,
          null,
          null,
          null,
          null,
          0,
          0,
          0,
          0,
          null,
          0,
          null,
          null,
          0,
          null,
          null,
          null,
          1,
          0,
          null,
          0,
          0,
          null,
          0,
          null,
          null,
          0,
          null,
          null,
          null,
          null,
          null,
          0,
          0,
          0,
          0,
          null,
          0,
          null,
          null,
          0,
          null,
          null,
          null,
          1,
          1,
          1,
          null,
          1,
          null,
          null,
          1,
          null,
          1,
          1,
          1,
          1,
          null,
          0,
          null,
          null,
          0,
          null,
          null,
          null,
          1,
          0,
          0,
          null,
          null,
          1,
          null,
          1,
          1,
          0,
          null,
          null,
          1,
          null,
          1,
          null,
          null,
          null,
          1,
          3,
          1,
          null,
          null,
          1,
          null,
          null
        ],
        "branches": {
          "[:if, 0, 15, 4, 15, 76]": {
            "[:then, 1, 15, 4, 15, 60]": 0,
            "[:else, 2, 15, 4, 15, 76]": 0
          },
          "[:if, 3, 20, 4, 20, 36]": {
            "[:then, 4, 20, 4, 20, 17]": 0,
            "[:else, 5, 20, 4, 20, 36]": 0
          },
          "[:if, 6, 52, 6, 52, 48]": {
            "[:then, 7, 52, 6, 52, 24]": 0,
            "[:else, 8, 52, 6, 52, 48]": 0
          },
          "[:if, 9, 29, 6, 40, 9]": {
            "[:then, 10, 31, 8, 39, 9]": 0,
            "[:else, 11, 29, 6, 40, 9]": 0
          },
          "[:if, 12, 32, 8, 32, 50]": {
            "[:then, 13, 32, 8, 32, 26]": 0,
            "[:else, 14, 32, 8, 32, 50]": 0
          },
          "[:if, 15, 42, 6, 48, 9]": {
            "[:then, 16, 43, 8, 45, 12]": 0,
            "[:else, 17, 47, 8, 47, 86]": 0
          },
          "[:if, 18, 61, 4, 61, 32]": {
            "[:then, 19, 61, 4, 61, 14]": 0,
            "[:else, 20, 61, 4, 61, 32]": 0
          },
          "[:if, 21, 66, 4, 66, 36]": {
            "[:then, 22, 66, 4, 66, 17]": 0,
            "[:else, 23, 66, 4, 66, 36]": 0
          },
          "[:if, 24, 74, 6, 80, 9]": {
            "[:then, 25, 75, 8, 77, 12]": 0,
            "[:else, 26, 79, 8, 79, 11]": 0
          },
          "[:if, 27, 87, 4, 87, 60]": {
            "[:then, 28, 87, 4, 87, 42]": 0,
            "[:else, 29, 87, 4, 87, 60]": 0
          },
          "[:if, 30, 92, 4, 92, 36]": {
            "[:then, 31, 92, 4, 92, 17]": 0,
            "[:else, 32, 92, 4, 92, 36]": 0
          },
          "[:if, 33, 101, 6, 107, 9]": {
            "[:then, 34, 102, 8, 104, 12]": 0,
            "[:else, 35, 106, 8, 106, 68]": 0
          },
          "[:if, 36, 117, 4, 117, 36]": {
            "[:then, 37, 117, 4, 117, 17]": 0,
            "[:else, 38, 117, 4, 117, 36]": 1
          },
          "[:if, 39, 122, 6, 128, 9]": {
            "[:then, 40, 123, 8, 125, 12]": 1,
            "[:else, 41, 127, 8, 127, 22]": 0
          },
          "[:if, 42, 135, 4, 135, 36]": {
            "[:then, 43, 135, 4, 135, 14]": 0,
            "[:else, 44, 135, 4, 135, 36]": 0
          },
          "[:if, 45, 142, 4, 144, 7]": {
            "[:then, 46, 143, 6, 143, 49]": 0,
            "[:else, 47, 142, 4, 144, 7]": 1
          }
        }
      },
      "/Users/felix/Documents/606/project3/CSCE606_Fall2025_Project3_Group6/app/controllers/users_controller.rb": {
        "lines": [
          1,
          1,
          null,
          1,
          1,
          1,
          0,
          0,
          null,
          0,
          0,
          null,
          null,
          0,
          0,
          0,
          null,
          null,
          0,
          0,
          null,
          0,
          0,
          null,
          0,
          null,
          null,
          null,
          1,
          0,
          null,
          null,
          0,
          0,
          0,
          null,
          null,
          0,
          0,
          null,
          0,
          0,
          null,
          0,
          null,
          null,
          0,
          null,
          null,
          1,
          0,
          null,
          null,
          1,
          0,
          0,
          0,
          null,
          0,
          null,
          null,
          null,
          1,
          null,
          1,
          0,
          null,
          null
        ],
        "branches": {
          "[:if, 0, 5, 4, 12, 7]": {
            "[:then, 1, 6, 6, 6, 36]": 1,
            "[:else, 2, 7, 4, 12, 7]": 0
          },
          "[:if, 3, 7, 4, 12, 7]": {
            "[:then, 4, 8, 6, 8, 26]": 0,
            "[:else, 5, 10, 6, 11, 12]": 0
          },
          "[:if, 6, 14, 4, 17, 7]": {
            "[:then, 7, 15, 6, 16, 12]": 0,
            "[:else, 8, 14, 4, 17, 7]": 0
          },
          "[:if, 9, 19, 4, 19, 61]": {
            "[:then, 10, 19, 4, 19, 28]": 0,
            "[:else, 11, 19, 4, 19, 61]": 0
          },
          "[:if, 12, 22, 4, 26, 7]": {
            "[:then, 13, 23, 6, 23, 26]": 0,
            "[:else, 14, 25, 6, 25, 46]": 0
          },
          "[:if, 15, 33, 4, 36, 7]": {
            "[:then, 16, 34, 6, 35, 12]": 0,
            "[:else, 17, 33, 4, 36, 7]": 0
          },
          "[:if, 18, 38, 4, 38, 61]": {
            "[:then, 19, 38, 4, 38, 28]": 0,
            "[:else, 20, 38, 4, 38, 61]": 0
          },
          "[:if, 21, 41, 4, 45, 7]": {
            "[:then, 22, 42, 6, 42, 26]": 0,
            "[:else, 23, 44, 6, 44, 46]": 0
          },
          "[:if, 24, 56, 4, 60, 7]": {
            "[:then, 25, 57, 6, 57, 58]": 0,
            "[:else, 26, 59, 6, 59, 18]": 0
          }
        }
      },
      "/Users/felix/Documents/606/project3/CSCE606_Fall2025_Project3_Group6/app/controllers/follows_controller.rb": {
        "lines": [
          0,
          0,
          0,
          null,
          0,
          0,
          0,
          0,
          null,
          0,
          0,
          0,
          0,
          null,
          0,
          null,
          0,
          0,
          0,
          0
        ],
        "branches": {}
      },
      "/Users/felix/Documents/606/project3/CSCE606_Fall2025_Project3_Group6/app/controllers/home_controller.rb": {
        "lines": [
          0,
          0,
          null,
          0,
          0,
          0,
          null,
          null,
          0,
          0,
          0,
          null,
          0,
          0,
          null,
          null,
          0,
          0,
          0
        ],
        "branches": {}
      },
      "/Users/felix/Documents/606/project3/CSCE606_Fall2025_Project3_Group6/app/controllers/list_items_controller.rb": {
        "lines": [
          0,
          0,
          null,
          0,
          0,
          0,
          null,
          0,
          null,
          0,
          0,
          0,
          0,
          0,
          0,
          null,
          0,
          0,
          0,
          0,
          0,
          0,
          0,
          0,
          0,
          0
        ],
        "branches": {}
      },
      "/Users/felix/Documents/606/project3/CSCE606_Fall2025_Project3_Group6/app/controllers/lists_controller.rb": {
        "lines": [
          0,
          0,
          0,
          0,
          null,
          0,
          0,
          0,
          null,
          0,
          0,
          0,
          0,
          0,
          null,
          0,
          0,
          0,
          null,
          0,
          0,
          0,
          0,
          0,
          0,
          0,
          0,
          null,
          0,
          0,
          null,
          0,
          0,
          0,
          0,
          0,
          0,
          0,
          null,
          0,
          0,
          0,
          0,
          null,
          0,
          null,
          0,
          0,
          0,
          null,
          0,
          0,
          0,
          0,
          0,
          null,
          0,
          0,
          0,
          0
        ],
        "branches": {}
      },
      "/Users/felix/Documents/606/project3/CSCE606_Fall2025_Project3_Group6/app/controllers/reviews_controller.rb": {
        "lines": [
          0,
          0,
          0,
          0,
          0,
          null,
          0,
          0,
          0,
          null,
          0,
          0,
          0,
          null,
          0,
          0,
          0,
          0,
          0,
          0,
          null,
          0,
          0,
          null,
          0,
          0,
          0,
          0,
          0,
          0,
          0,
          null,
          0,
          0,
          0,
          0,
          null,
          0,
          0,
          0,
          null,
          0,
          0,
          0,
          0,
          0,
          0,
          0,
          0,
          0,
          null,
          0,
          0,
          null,
          0,
          0,
          0,
          0,
          0,
          0,
          0,
          0,
          null,
          0,
          null,
          0,
          0,
          0,
          null,
          0,
          0,
          0,
          null,
          0,
          0,
          0,
          0,
          0,
          null,
          0,
          0,
          0,
          0
        ],
        "branches": {}
      },
      "/Users/felix/Documents/606/project3/CSCE606_Fall2025_Project3_Group6/app/controllers/stats_controller.rb": {
        "lines": [
          0,
          0,
          null,
          0,
          0,
          0,
          0,
          0,
          0,
          0,
          0
        ],
        "branches": {}
      },
      "/Users/felix/Documents/606/project3/CSCE606_Fall2025_Project3_Group6/app/controllers/users/registrations_controller.rb": {
        "lines": [
          0,
          0,
          null,
          0,
          null,
          null,
          0,
          0,
          0,
          null,
          0,
          0,
          0,
          null,
          0,
          null,
          0,
          0,
          0,
          0,
          0
        ],
        "branches": {}
      },
      "/Users/felix/Documents/606/project3/CSCE606_Fall2025_Project3_Group6/app/controllers/watch_histories_controller.rb": {
        "lines": [
          0,
          0,
          null,
          0,
          0,
          null,
          null,
          0,
          null,
          null,
          0,
          0,
          null,
          0,
          0,
          null,
          null,
          0,
          0,
          0,
          0,
          0,
          null,
          0,
          0,
          null,
          0,
          0,
          0,
          0,
          0,
          null,
          0,
          0,
          null,
          null,
          0,
          0,
          0,
          0,
          0,
          0,
          0,
          0,
          0,
          0,
          null,
          0,
          0,
          null,
          0,
          0,
          null,
          0,
          null,
          0,
          null,
          0,
          null,
          null,
          0,
          0,
          0,
          0,
          null,
          0,
          0,
          0,
          null,
          0,
          null,
          0,
          null,
          0,
          null,
          0,
          0,
          0,
          0,
          0,
          0,
          null,
          0,
          0,
          0,
          0,
          0,
          0,
          0,
          0,
          0,
          0,
          0
        ],
        "branches": {}
      },
      "/Users/felix/Documents/606/project3/CSCE606_Fall2025_Project3_Group6/app/controllers/watchlist_items_controller.rb": {
        "lines": [
          0,
          0,
          null,
          0,
          0,
          null,
          null,
          0,
          null,
          0,
          0,
          0,
          null,
          0,
          0,
          0,
          0,
          0,
          0,
          0,
          0,
          null,
          0,
          0,
          0,
          0,
          0,
          null,
          0,
          0,
          0,
          0,
          0,
          0,
          0,
          0,
          0,
          null,
          null,
          0,
          0,
          0,
          0,
          0,
          0,
          null,
          0,
          0,
          0,
          0,
          0,
          0,
          0,
          0,
          null,
          0,
          null,
          0,
          0,
          null,
          null,
          0,
          0,
          null,
          null,
          0,
          0,
          null,
          null,
          0,
          0,
          null,
          0,
          0,
          0
        ],
        "branches": {}
      },
      "/Users/felix/Documents/606/project3/CSCE606_Fall2025_Project3_Group6/app/controllers/watchlists_controller.rb": {
        "lines": [
          0,
          0,
          null,
          0,
          0,
          0,
          0,
          0
        ],
        "branches": {}
      },
      "/Users/felix/Documents/606/project3/CSCE606_Fall2025_Project3_Group6/app/jobs/application_job.rb": {
        "lines": [
          0,
          null,
          null,
          null,
          null,
          null,
          0
        ],
        "branches": {}
      },
      "/Users/felix/Documents/606/project3/CSCE606_Fall2025_Project3_Group6/app/mailers/application_mailer.rb": {
        "lines": [
          0,
          0,
          0,
          null,
          null,
          0,
          null,
          null,
          0,
          0
        ],
        "branches": {}
      },
      "/Users/felix/Documents/606/project3/CSCE606_Fall2025_Project3_Group6/app/mailers/devise_mailer.rb": {
        "lines": [
          0,
          0
        ],
        "branches": {}
      },
      "/Users/felix/Documents/606/project3/CSCE606_Fall2025_Project3_Group6/app/models/achievement.rb": {
        "lines": [
          0,
          0
        ],
        "branches": {}
      },
      "/Users/felix/Documents/606/project3/CSCE606_Fall2025_Project3_Group6/app/models/email_preference.rb": {
        "lines": [
          0,
          0,
          0
        ],
        "branches": {}
      },
      "/Users/felix/Documents/606/project3/CSCE606_Fall2025_Project3_Group6/app/models/follow.rb": {
        "lines": [
          0,
          0,
          0,
          null,
          0,
          0
        ],
        "branches": {}
      },
      "/Users/felix/Documents/606/project3/CSCE606_Fall2025_Project3_Group6/app/models/genre.rb": {
        "lines": [
          0,
          0,
          0,
          null,
          0,
          0,
          null,
          0,
          0,
          0,
          0,
          0,
          0
        ],
        "branches": {}
      },
      "/Users/felix/Documents/606/project3/CSCE606_Fall2025_Project3_Group6/app/models/list.rb": {
        "lines": [
          0,
          0,
          0,
          0,
          null,
          0,
          0,
          0
        ],
        "branches": {}
      },
      "/Users/felix/Documents/606/project3/CSCE606_Fall2025_Project3_Group6/app/models/list_item.rb": {
        "lines": [
          0,
          0,
          0,
          null,
          0,
          0
        ],
        "branches": {}
      },
      "/Users/felix/Documents/606/project3/CSCE606_Fall2025_Project3_Group6/app/models/log.rb": {
        "lines": [
          0,
          0,
          0,
          null,
          0,
          0,
          0
        ],
        "branches": {}
      },
      "/Users/felix/Documents/606/project3/CSCE606_Fall2025_Project3_Group6/app/models/log_tag.rb": {
        "lines": [
          0,
          0,
          0,
          0
        ],
        "branches": {}
      },
      "/Users/felix/Documents/606/project3/CSCE606_Fall2025_Project3_Group6/app/models/movie.rb": {
        "lines": [
          0,
          0,
          0,
          0,
          0,
          0,
          0,
          0,
          null,
          0,
          null,
          0,
          0,
          null,
          0,
          0,
          0,
          null,
          0,
          0,
          null,
          0,
          0,
          0,
          0,
          0,
          0,
          0,
          0,
          0,
          0,
          0,
          0,
          0,
          null,
          0,
          0,
          0,
          null,
          0,
          0,
          0,
          0,
          null,
          0,
          0,
          0,
          0,
          null,
          0,
          0,
          0,
          0
        ],
        "branches": {}
      },
      "/Users/felix/Documents/606/project3/CSCE606_Fall2025_Project3_Group6/app/models/movie_genre.rb": {
        "lines": [
          0,
          0,
          0,
          0
        ],
        "branches": {}
      },
      "/Users/felix/Documents/606/project3/CSCE606_Fall2025_Project3_Group6/app/models/movie_person.rb": {
        "lines": [
          0,
          0,
          0,
          0
        ],
        "branches": {}
      },
      "/Users/felix/Documents/606/project3/CSCE606_Fall2025_Project3_Group6/app/models/notification.rb": {
        "lines": [
          0,
          0,
          0
        ],
        "branches": {}
      },
      "/Users/felix/Documents/606/project3/CSCE606_Fall2025_Project3_Group6/app/models/person.rb": {
        "lines": [
          0,
          0,
          0,
          null,
          0,
          0,
          null,
          0,
          0,
          0,
          0,
          0,
          0,
          null,
          0,
          0,
          0,
          0
        ],
        "branches": {}
      },
      "/Users/felix/Documents/606/project3/CSCE606_Fall2025_Project3_Group6/app/models/review.rb": {
        "lines": [
          0,
          0,
          0,
          0,
          null,
          0,
          0,
          0,
          null,
          0,
          0,
          null,
          0,
          0,
          0,
          null,
          0,
          0,
          0,
          0
        ],
        "branches": {}
      },
      "/Users/felix/Documents/606/project3/CSCE606_Fall2025_Project3_Group6/app/models/tag.rb": {
        "lines": [
          0,
          0
        ],
        "branches": {}
      },
      "/Users/felix/Documents/606/project3/CSCE606_Fall2025_Project3_Group6/app/models/user_achievement.rb": {
        "lines": [
          0,
          0,
          0,
          0
        ],
        "branches": {}
      },
      "/Users/felix/Documents/606/project3/CSCE606_Fall2025_Project3_Group6/app/models/user_stat.rb": {
        "lines": [
          0,
          0,
          0
        ],
        "branches": {}
      },
      "/Users/felix/Documents/606/project3/CSCE606_Fall2025_Project3_Group6/app/models/vote.rb": {
        "lines": [
          0,
          0,
          0,
          null,
          0,
          0,
          null,
          0,
          null,
          0,
          null,
          0,
          0,
          0,
          0
        ],
        "branches": {}
      },
      "/Users/felix/Documents/606/project3/CSCE606_Fall2025_Project3_Group6/app/models/watch_history.rb": {
        "lines": [
          0,
          0,
          0,
          null,
          0,
          0
        ],
        "branches": {}
      },
      "/Users/felix/Documents/606/project3/CSCE606_Fall2025_Project3_Group6/app/models/watch_log.rb": {
        "lines": [
          0,
          0,
          0,
          null,
          0,
          0,
          null,
          0,
          null,
          0,
          0,
          0,
          0,
          0,
          0,
          null,
          0,
          null,
          0,
          0,
          0,
          0,
          0,
          0
        ],
        "branches": {}
      },
      "/Users/felix/Documents/606/project3/CSCE606_Fall2025_Project3_Group6/app/models/watchlist.rb": {
        "lines": [
          0,
          0,
          0,
          0,
          0
        ],
        "branches": {}
      },
      "/Users/felix/Documents/606/project3/CSCE606_Fall2025_Project3_Group6/app/models/watchlist_item.rb": {
        "lines": [
          0,
          0,
          0,
          0
        ],
        "branches": {}
      },
      "/Users/felix/Documents/606/project3/CSCE606_Fall2025_Project3_Group6/app/services/stats_service.rb": {
        "lines": [
          0,
          0,
          0,
          0,
          null,
          0,
          0,
          0,
          0,
          0,
          0,
          0,
          0,
          0,
          0,
          0,
          0,
          0,
          0,
          0,
          0,
          0,
          0,
          0,
          null,
          0,
          0,
          0,
          0,
          0,
          0,
          0,
          0,
          null,
          0,
          0,
          0,
          0,
          0,
          0,
          0,
          null,
          0,
          0,
          0,
          null,
          0,
          0,
          0,
          0,
          0,
          0,
          null,
          null,
          0,
          0,
          null,
          null,
          0,
          0,
          0,
          0,
          null,
          0,
          0,
          null,
          0,
          null,
          0,
          null,
          null,
          0,
          0,
          0,
          null,
          0,
          0,
          null,
          0,
          0,
          0,
          0,
          0,
          null,
          0,
          0,
          null,
          0,
          0,
          null,
          0,
          0,
          0,
          0,
          0,
          null,
          0,
          0,
          0,
          0,
          null,
          0,
          0,
          null,
          null,
          0,
          null,
          null,
          0,
          0,
          0,
          null,
          0,
          0,
          0,
          0,
          null,
          0,
          0,
          null,
          null,
          0,
          null,
          null,
          0,
          0,
          0,
          null,
          0,
          0,
          0,
          0,
          null,
          0,
          0,
          null,
          0,
          0,
          0,
          0,
          0,
          null,
          0,
          0,
          0,
          0,
          null,
          0,
          0,
          null,
          0,
          0,
          0,
          null,
          0,
          0,
          0,
          0,
          null,
          0,
          0,
          0,
          0,
          0,
          0
        ],
        "branches": {}
      }
    },
    "timestamp": 1764694518
  }
}
